[21:55:10] [ServerMain/INFO]: [bootstrap] Running Java 21 (Java HotSpot(TM) 64-Bit Server VM 21.0.7+8-LTS-245; Oracle Corporation null) on Windows 11 10.0 (amd64)
[21:55:10] [ServerMain/INFO]: [bootstrap] Loading Paper 1.21.7-16-main@6e598f8 (2025-07-03T19:49:41Z) for Minecraft 1.21.7
[21:55:11] [ServerMain/INFO]: [PluginInitializerManager] Initializing plugins...
[21:55:11] [Paper Plugin Remapper Thread - 2/INFO]: [PluginRemapper] Remapping plugin 'C:\Users\asanc\Desktop\Plugin BingoPatata\CustomJoinMessages\build\libs\CustomJoinMessages-1.0.0.jar'...
[21:55:11] [Paper Plugin Remapper Thread - 2/INFO]: [PluginRemapper] Done remapping plugin 'C:\Users\asanc\Desktop\Plugin BingoPatata\CustomJoinMessages\build\libs\CustomJoinMessages-1.0.0.jar' in 241ms.
[21:55:12] [ServerMain/INFO]: [PluginInitializerManager] Initialized 1 plugin
[21:55:12] [ServerMain/INFO]: [PluginInitializerManager] Bukkit plugins (1):
 - CustomJoinMessages (1.0.0)
[21:55:15] [ServerMain/INFO]: Environment: Environment[sessionHost=https://sessionserver.mojang.com, servicesHost=https://api.minecraftservices.com, name=PROD]
[21:55:17] [ServerMain/INFO]: Loaded 1407 recipes
[21:55:17] [ServerMain/INFO]: Loaded 1520 advancements
[21:55:17] [ServerMain/INFO]: [ca.spottedleaf.dataconverter.minecraft.datatypes.MCTypeRegistry] Initialising converters for DataConverter...
[21:55:17] [ServerMain/INFO]: [ca.spottedleaf.dataconverter.minecraft.datatypes.MCTypeRegistry] Finished initialising converters for DataConverter in 264,0ms
[21:55:17] [Server thread/INFO]: Starting minecraft server version 1.21.7
[21:55:17] [Server thread/INFO]: Loading properties
[21:55:17] [Server thread/INFO]: This server is running Paper version 1.21.7-16-main@6e598f8 (2025-07-03T19:49:41Z) (Implementing API version 1.21.7-R0.1-SNAPSHOT)
[21:55:17] [Server thread/INFO]: [spark] This server bundles the spark profiler. For more information please visit https://docs.papermc.io/paper/profiling
[21:55:17] [Server thread/INFO]: Server Ping Player Sample Count: 12
[21:55:17] [Server thread/INFO]: Using 4 threads for Netty based IO
[21:55:18] [Server thread/INFO]: [MoonriseCommon] Paper is using 4 worker threads, 1 I/O threads
[21:55:18] [Server thread/INFO]: [ChunkTaskScheduler] Chunk system is using population gen parallelism: true
[21:55:18] [Server thread/INFO]: Default game type: SURVIVAL
[21:55:18] [Server thread/INFO]: Generating keypair
[21:55:18] [Server thread/INFO]: Starting Minecraft server on *:25565
[21:55:18] [Server thread/INFO]: Using default channel type
[21:55:18] [Server thread/INFO]: Paper: Using Java compression from Velocity.
[21:55:18] [Server thread/INFO]: Paper: Using Java cipher from Velocity.
[21:55:18] [Server thread/INFO]: [CustomJoinMessages] Loading server plugin CustomJoinMessages v1.0.0
[21:55:18] [Server thread/INFO]: Server permissions file permissions.yml is empty, ignoring it
[21:55:18] [Server thread/INFO]: Preparing level "world"
[21:55:18] [Server thread/INFO]: Preparing start region for dimension minecraft:overworld
[21:55:19] [Server thread/INFO]: Preparing spawn area: 0%
[21:55:19] [Server thread/INFO]: Preparing spawn area: 0%
[21:55:19] [Server thread/INFO]: Time elapsed: 737 ms
[21:55:19] [Server thread/INFO]: Preparing start region for dimension minecraft:the_nether
[21:55:19] [Server thread/INFO]: Preparing spawn area: 0%
[21:55:19] [Server thread/INFO]: Time elapsed: 58 ms
[21:55:19] [Server thread/INFO]: Preparing start region for dimension minecraft:the_end
[21:55:19] [Server thread/INFO]: Preparing spawn area: 0%
[21:55:19] [Server thread/INFO]: Time elapsed: 42 ms
[21:55:19] [Server thread/INFO]: [CustomJoinMessages] Enabling CustomJoinMessages v1.0.0
[21:55:19] [Server thread/INFO]: [CustomJoinMessages] CustomJoinMessages plugin has been enabled!
[21:55:19] [Server thread/INFO]: [spark] Starting background profiler...
[21:55:19] [Server thread/INFO]: [spark] The async-profiler engine is not supported for your os/arch (windows11/amd64), so the built-in Java engine will be used instead.
[21:55:19] [Server thread/INFO]: Done preparing level "world" (1.446s)
[21:55:19] [Server thread/INFO]: Running delayed init tasks
[21:55:19] [Server thread/INFO]: Done (9.783s)! For help, type "help"
[21:55:24] [User Authenticator #0/INFO]: UUID of player Meliory is 73b6b85a-8732-4180-94e0-4d3bc87ee53e
[21:55:24] [Server thread/INFO]: Meliory[/127.0.0.1:51524] logged in with entity id 90 at ([world]20.40391144406554, 93.0, -23.129989256575634)
[21:55:38] [Server thread/INFO]: Meliory lost connection: Disconnected
